
> belgiumjs.github.io@0.1.0 build
> next build

- info Creating an optimized production build...
- info Compiled successfully
- info Linting and checking validity of types...
- info Collecting page data...
- info Generating static pages (0/7)
- info Generating static pages (1/7)
- info Generating static pages (3/7)
- info Generating static pages (5/7)
- info Generating static pages (7/7)
- info Finalizing page optimization...

Route (app)                                Size     First Load JS
┌ ○ /                                      221 B          77.5 kB
├ ○ /about                                 218 B          77.5 kB
├ ○ /blog                                  218 B          77.5 kB
├ ○ /events                                217 B          77.4 kB
└ ○ /icon.svg                              0 B                0 B
+ First Load JS shared by all              77.2 kB
  ├ chunks/2443530c-d4a6bd7fc7f21e3c.js    50.5 kB
  ├ chunks/488-4b4f25e9948f085c.js         24.8 kB
  ├ chunks/main-app-4ceb50f538e0bd60.js    215 B
  └ chunks/webpack-eb030e47bb3ca609.js     1.71 kB

Route (pages)                              Size     First Load JS
─ ○ /404                                   181 B          74.8 kB
+ First Load JS shared by all              74.6 kB
  ├ chunks/framework-8883d1e9be70c3da.js   45.1 kB
  ├ chunks/main-ccb8dfc25081ecd6.js        27.6 kB
  ├ chunks/pages/_app-b555d5e1eab47959.js  195 B
  └ chunks/webpack-eb030e47bb3ca609.js     1.71 kB

○  (Static)  automatically rendered as static HTML (uses no initial props)

